/***********东北证券行业报告抓取日志***************/
2018年银行业年度策略：要稳当，选大行，从盈利改善要增量 文件已存在
后浪未起，GPU制霸A.I数据中心市场  没有内容
酒店免税三季报表现突出，持续推荐 文件已存在
酒店免税三季报表现突出，持续推荐 文件已存在
东北有色周报：三季报数据向好，行业趋势稳中上行 文件已存在
东北证券有色行业深度报告：原料涨价挤压电解铝利润，全产业链覆盖大势所趋 文件已存在
保险行业动态-《保险公司偿付能力管理规定（征求意见稿）》点评：明确监管底线，严查真实性，加强协同监管，上市险企强者恒强！ 文件已存在
业绩确定性及估值优势，看好家电估值切换 文件已存在
社会服务行业周报：酒店强势复苏，首旅业绩预增 文件已存在
轨交行业周报第37期：铁路客运数据向好，城轨建设持续推进 文件已存在
汽车行业周报第6期：行业集中度提升，看好整车龙头标的上汽集团 文件已存在
食品饮料行业周报：布局估值切换行情，白酒值得坚守 文件已存在
证券行业9月月报：单月环比大增，累计同比继续承压，低估值优势凸显 文件已存在
快递涨价昭示竞争力增强 文件已存在
汽车行业周报第5期：9月乘用车销售较好，上汽集团表现超预期 文件已存在
医疗信息化：医疗IT迈入新时代，投资迎来新机遇 文件已存在
精选优质成长标的，关注周期业绩兑现 文件已存在
央行9.30定向降准深度点评：历次定向梳理及测算  没有内容
北京20年规划获批，“四个中心”“一核两翼” 文件已存在
尿素行业报告：产能峰值已过，低库存迎冬储行情 文件已存在
VOCs防治方案出台，工业环保持续升温 文件已存在
东北证券交运周报：铁路改革进入实质推进阶段，长期战略推荐快递与跨境电商 文件已存在
食品饮料行业周报：调味品系列调研成果超预期，龙头公司可放心持有 文件已存在
低估值盐湖提锂持续受关注，继续深挖锂电板块补涨机会 文件已存在
8月港口数据点评：外需稍显疲软 吞吐量增速仍处高位 文件已存在
汽车行业周报第2期：重卡产销年底有望翘尾，继续看好重卡产业链 文件已存在
通信行业周报：中兴领跑中移动集采，光通信持续高温 文件已存在
上海加快发展住房租赁市场，公布实施意见 文件已存在
东北环保周报：工业环保热度提升，重点关注大气与工业水处理领域 文件已存在
房地产行业数据点评：投资增速企稳，资金面持续收紧 文件已存在
8月航空数据点评：整体需求增速放缓，客座率承压，南航表现最优 文件已存在
保监人身险[2017]134号文专题研究1 年金附加万能组合停售前瞻性分析：回归本源，长期向好 文件已存在
人工智能赛道（一）：A.I芯片——下一代计算革命基石  没有内容
8月快递数据点评：业务量增速回升，行业旺季将至 文件已存在
东北证券交运行业周报：关注央企混改新动向，长期战略推荐快递与跨境电商 文件已存在
基础化工行业中报综述：资产负债表持续修复，周期龙头盈利改善 文件已存在
龙头业绩靓丽，地位不断巩固 文件已存在
证券行业2017年中报综述：业绩符合预期，经纪拖累自营提振，静待估值修复 文件已存在
水泥玻璃业绩改善，消费建材稳健增长 文件已存在
社会服务行业中报综述：行业稳定增长，酒店、教育表现亮眼 文件已存在
保险行业2017中报点评：寿险NBV增速创新高，投资收益边际改善，回归本源强者恒强！ 文件已存在
煤炭行业全面复苏， 细分龙头仍为配置逻辑 文件已存在
有色金属行业深度2017H1业绩总结：中报业绩靓丽，坚定看好有色金属跨年度周期行情 文件已存在
通信行业中报综述：光通信、统一通信依然高景气，关注物联网和5G机会 文件已存在
2017年家电行业中报综述：汇率原材料带来短期压力，家电龙头强者恒强 文件已存在
公用事业2017年中报点评：煤价高企削弱电力业绩，未来有望迎来反转机遇 文件已存在
交通运输行业2017年中报综述：行业盈利显著提升，因时因事合理配置 文件已存在
电子行业半年报综述：寻找成长新势力  没有内容
电力设备新能源行业中报综述——行业增速放缓，龙头企业盈利持续提升 文件已存在
轨交板块中报综述：净利润小幅攀升，行业拐点向上确立 文件已存在
2017年传媒行业中报综述：内生驱动，未来还看龙头 文件已存在
商贸零售行业中报综述：行业整体复苏，营收净利大幅增长 文件已存在
计算机行业2017年中报业绩综述：行业维持高成长，盈利能力持续优化 文件已存在
汽车行业2017H1中报综述：重卡景气，乘用车分化，零部件结构性增长 文件已存在
房地产行业2017年中报综述：业绩可期，行业龙头强者恒强 文件已存在
纺织服装行业中报综述：大浪淘沙，破而后立 文件已存在
食品饮料行业中报综述：把握消费升级逻辑，重点关注中高端白酒及调味品 文件已存在
软硬件基础逐渐成熟，人工智能临界点即将到来  没有内容
新能车2017年H1中报小结：板块回归理性，分化仍是趋势 文件已存在
通信行业周报：运营商设备商加速5G推进，相关标的持续受益 文件已存在
焦炭之外焦煤、喷吹煤同样值得布局 文件已存在
有色金属行业动态：采暖季限产或成为铝价近期最大催化剂 文件已存在
焦炭价格涨势如虹，动煤价格高位持稳 文件已存在
钢铁：环保治理攻坚方案出台，钢材价格强势不减 文件已存在
受益钢铁产业链的又一投资机会—废钢拆解设备 文件已存在
非银金融行业周报：证金增持助力券商吹响反攻号角，保险中报行情有望持续发酵 文件已存在
有色金属行业深度：“稀”望依旧，“土”故纳新 文件已存在
东北证券交运行业周报：关注央企混改深化推进，长期战略推荐快递与跨境电商 文件已存在
天然气白皮书发布，去产能对火电盈利改善相对有限 文件已存在
基础化工周报：新一轮环保政策出炉，关注优质成长股 文件已存在
轨交行业周报第32期：拐点向上，继续看多 文件已存在
软件赛道之建筑行业信息化（一）：风口已至，建筑信息化迎来行业黄金发展期 文件已存在
信息消费政策点评：信息消费供给侧改革，提振供给挖掘需求潜能 文件已存在
环保装备制造行业持续向好，龙头企业最大受益 文件已存在
环保装备制造行业持续向好，龙头企业最大受益 文件已存在
有色金属行业动态：坚定看好稀土、电解铝、锌板块投资机会 文件已存在
钢价过快上涨初步遏制，原料同步迎来调控 文件已存在
焦煤焦炭价格飞涨，大商所限制期货投机 文件已存在
铁路改革推进 混改和土地综合开发是关键词 文件已存在
铁路改革推进 混改和土地综合开发是关键词 文件已存在
通信行业周报：联通混改方案落地，多方协同共促发展 文件已存在
非银金融行业周报：平安中报点燃市场热情，行业轮动把握券商上车机会  没有内容
东北证券交运周报：持续关注央企混改新进展，币升油稳阶段性利好航空板块 文件已存在
高温叠加工业回暖助力用电增长，火电去产能渐入佳境 文件已存在
轨交行业周报第31期：轨交板块处于估值低位，关注基本面积极变化 文件已存在
集运复苏确认,马士基航运二季度盈利3.4亿美元  没有内容
7月航空数据点评：三大航分化继续，币升油稳阶段性利好 文件已存在
多晶硅行业深度：新兴厂商抢班夺权，成本领先者持续高盈利 文件已存在
有色金属行业动态：基本面未变，长期看好电解铝、稀土板块机会  没有内容
电解铝供给侧改革加码，业绩弹性谁最大？ 文件已存在
电解铝供给侧改革加码，业绩弹性谁最大？ 文件已存在
非银金融行业周报：券商回调即买点，首份保险中报本周落地，聚焦平安NBV增速 文件已存在
多晶硅行业深度：新兴厂商抢班夺权，成本领先者持续高盈利 文件已存在
7月港口数据点评：进出口增速环比下降，吞吐量增速上升 文件已存在
7月港口数据点评：进出口增速环比下降，吞吐量增速上升 文件已存在
7月快递数据点评：增速略有回落，旺季即将开启  没有内容
7月发用电量创新高，电力供需基本面趋向好转 文件已存在
非银金融行业动态点评：暖风频吹，券商新评级利好大型券商 文件已存在
东北证券钢铁行业动态：中钢协发文稳预期，短期钢价或高位震荡  没有内容
东北证券煤炭行业周报：电企耗煤维持高位，优质产能释放加速20170814 文件已存在
/***********东北证券行业报告抓取结束***************/
                                                
/***********中国证监会招股说明书抓取开始***************/
北京赢康科技股份有限公司创业板首次公开发行股票招股说明书（申报稿2017年10月23... 文件已存在
浙江力邦合信智能制动系统股份有限公司首次公开发行股票招股说明书（申报稿2017年1... 文件已存在
宁波锦浪新能源科技股份有限公司创业板首次公开发行股票招股说明书（申报稿2017年1... 文件已存在
云南健之佳健康连锁店股份有限公司首次公开发行股票招股说明书（申报稿2017年10月2... 文件已存在
苏州春秋电子科技股份有限公司首次公开发行股票招股说明书（申报稿 2017年10月25日... 文件已存在
宣城市华菱精工科技股份有限公司首次公开发行股票招股说明书（申报稿 2017年10月27... 文件已存在
深圳市智莱科技股份有限公司创业板首次公开发行股票招股说明书（申报稿2017年10月2... 文件已存在
深圳市新产业生物医学工程股份有限公司创业板首次公开发行股票招股说明书（申报稿2... 文件已存在
上海锦和商业经营管理股份有限公司首次公开发行股票招股说明书（申报稿2017年10月2... 文件已存在
山东玻纤集团股份有限公司首次公开发行股票招股说明书（申报稿 2017年10月27日报送） 文件已存在
三只松鼠股份有限公司创业板首次公开发行股票招股说明书（申报稿 2017年10月27日报... 文件已存在
南都物业服务股份有限公司首次公开发行股票招股说明书（申报稿2017年10月27日报送） 文件已存在
菱王电梯股份有限公司创业板首次公开发行股票招股说明书（申报稿2017年10月27日报送） 文件已存在
科华控股股份有限公司首次公开发行股票招股说明书（申报稿2017年10月27日报送） 文件已存在
河北养元智汇饮品股份有限公司首次公开发行股票招股说明书（申报稿 2017年10月27日... 文件已存在
常州中英科技股份有限公司创业板首次公开发行股票招股说明书（申报稿2017年10月27... 文件已存在
北京中石伟业科技股份有限公司创业板首次公开发行股票招股说明书（申报稿2017年10... 文件已存在
北京淳中科技股份有限公司首次公开发行股票招股说明书（申报稿2017年10月23日报送） 文件已存在
惠州光弘科技股份有限公司创业板首次公开发行股票招股说明书（申报稿 2017年10月23... 文件已存在
华致酒行连锁管理股份有限公司创业板首次公开发行股票招股说明书（申报稿 2017年10... 文件已存在
/***********中国证监会招股说明书抓取结束***************/
                                                
/***********投中研究院报告抓取开始***************/
重磅! 德勤与投中联合发布2017中美独角兽研究报告 文件已存在
投中点评：新修订《中小企业促进法》颁布，推动成立地方中小企业发展基金成为亮点 文件已存在
A股定向增发2017年第三季度数据报告 文件已存在
投中统计：医疗健康行业2017年第三季度数据报告 文件已存在
投中统计：消费及服务行业2017年第三季度数据报告 文件已存在
投中统计：文化传媒行业2017年第三季度数据报告 文件已存在
新三板2017年三季度数据报告 文件已存在
投中统计：移动互联网行业2017年第三季度数据报告 文件已存在
中企ipo2017年10月统计报告 文件已存在
新三板2017年8月数据报告 文件已存在
投中统计：中国并购市场2017年8月数据报告 文件已存在
没有下载url,图文结合的形式，https://www.chinaventure.com.cn/cmsmodel/report/detail/1331.shtml
中企IPO2017年三季度统计报告 文件已存在
中国VCPE市场2017年8月数据报告 文件已存在
A股定向增发2017年8月数据报告 文件已存在
没有下载url,图文结合的形式，https://www.chinaventure.com.cn/cmsmodel/report/detail/1329.shtml
没有下载url,图文结合的形式，https://www.chinaventure.com.cn/cmsmodel/report/detail/1330.shtml
中国VCPE市场2017年3季度数据报告 文件已存在
投中统计：农业行业2017年三季度数据报告 文件已存在
投中统计：中国并购市场2017年第三季度数据报告 文件已存在
投中统计：互联网行业2017年第三季度数据报告 文件已存在
投中统计：清洁技术行业2017年第三季度数据报告 文件已存在
投中快评：新三板挂牌私募整改细则出炉 部分机构面临摘牌风险 文件已存在
/***********投中研究院报告抓取结束***************/
                                                
