[INFO  - 2017-11-02T02:36:05.355Z] GhostDriver - Main - running on port 65530
[INFO  - 2017-11-02T02:36:05.518Z] Session [93391f90-bf76-11e7-9afe-8bbb3eba4548] - page.settings - {"XSSAuditingEnabled":false,"javascriptCanCloseWindows":true,"javascriptCanOpenWindows":true,"javascriptEnabled":true,"loadImages":false,"localToRemoteUrlAccessEnabled":false,"userAgent":"Mozilla/5.0 (Macintosh; Intel Mac OS X) AppleWebKit/538.1 (KHTML, like Gecko) PhantomJS/2.1.1 Safari/538.1","webSecurityEnabled":true}
[INFO  - 2017-11-02T02:36:05.518Z] Session [93391f90-bf76-11e7-9afe-8bbb3eba4548] - page.customHeaders:  - {}
[INFO  - 2017-11-02T02:36:05.518Z] Session [93391f90-bf76-11e7-9afe-8bbb3eba4548] - Session.negotiatedCapabilities - {"browserName":"phantomjs","version":"2.1.1","driverName":"ghostdriver","driverVersion":"1.2.0","platform":"mac-10.11 (El Capitan)-64bit","javascriptEnabled":true,"takesScreenshot":true,"handlesAlerts":false,"databaseEnabled":false,"locationContextEnabled":false,"applicationCacheEnabled":false,"browserConnectionEnabled":false,"cssSelectorsEnabled":true,"webStorageEnabled":false,"rotatable":false,"acceptSslCerts":false,"nativeEvents":true,"proxy":{"proxyType":"direct"}}
[INFO  - 2017-11-02T02:36:05.518Z] SessionManagerReqHand - _postNewSessionCommand - New Session Created: 93391f90-bf76-11e7-9afe-8bbb3eba4548
[ERROR - 2017-11-02T02:36:06.629Z] Session [93391f90-bf76-11e7-9afe-8bbb3eba4548] - page.onError - msg: /mm/tb-page-peel/0.0.5/index is not loaded! can not find module in path : https://g.alicdn.com/mm/tb-page-peel/0.0.5/index-min.js

  phantomjs://platform/console++.js:263 in error
[ERROR - 2017-11-02T02:36:06.630Z] Session [93391f90-bf76-11e7-9afe-8bbb3eba4548] - page.onError - stack:
  (anonymous function) (https://g.alicdn.com/??kissy/k/6.2.4/seed-min.js,kg/global-util/1.0.5/index-min.js,tb/tracker/4.2.1/p/index/index.js,kg/tb-nav/2.5.1/index-min.js,secdev/sufei_data/3.0.8/index.js:5)

  phantomjs://platform/console++.js:263 in error
[ERROR - 2017-11-02T02:36:06.630Z] Session [93391f90-bf76-11e7-9afe-8bbb3eba4548] - page.onError - msg: kg/sidebar-plug-pagenav/0.2.2/index is not loaded! can not find module in path : https://g.alicdn.com/kg/??sidebar-plug-pagenav/0.2.2/index-min.js,sidebar-plug-myasset/0.0.6/index-min.js,sidebar-plug-my1111/0.2.0/index-min.js,sidebar-plug-cart/0.2.0/index-min.js,sidebar-plug-history/0.2.0/index-min.js,sidebar-plug-help/0.2.1/index-min.js,sidebar-plug-gotop/0.2.5/index-min.js

  phantomjs://platform/console++.js:263 in error
[ERROR - 2017-11-02T02:36:06.630Z] Session [93391f90-bf76-11e7-9afe-8bbb3eba4548] - page.onError - stack:
  (anonymous function) (https://g.alicdn.com/??kissy/k/6.2.4/seed-min.js,kg/global-util/1.0.5/index-min.js,tb/tracker/4.2.1/p/index/index.js,kg/tb-nav/2.5.1/index-min.js,secdev/sufei_data/3.0.8/index.js:5)

  phantomjs://platform/console++.js:263 in error
[ERROR - 2017-11-02T02:36:06.630Z] Session [93391f90-bf76-11e7-9afe-8bbb3eba4548] - page.onError - msg: kg/sidebar-plug-myasset/0.0.6/index is not loaded! can not find module in path : https://g.alicdn.com/kg/??sidebar-plug-pagenav/0.2.2/index-min.js,sidebar-plug-myasset/0.0.6/index-min.js,sidebar-plug-my1111/0.2.0/index-min.js,sidebar-plug-cart/0.2.0/index-min.js,sidebar-plug-history/0.2.0/index-min.js,sidebar-plug-help/0.2.1/index-min.js,sidebar-plug-gotop/0.2.5/index-min.js

  phantomjs://platform/console++.js:263 in error
[ERROR - 2017-11-02T02:36:06.630Z] Session [93391f90-bf76-11e7-9afe-8bbb3eba4548] - page.onError - stack:
  (anonymous function) (https://g.alicdn.com/??kissy/k/6.2.4/seed-min.js,kg/global-util/1.0.5/index-min.js,tb/tracker/4.2.1/p/index/index.js,kg/tb-nav/2.5.1/index-min.js,secdev/sufei_data/3.0.8/index.js:5)

  phantomjs://platform/console++.js:263 in error
[ERROR - 2017-11-02T02:36:06.631Z] Session [93391f90-bf76-11e7-9afe-8bbb3eba4548] - page.onError - msg: kg/sidebar-plug-my1111/0.2.0/index is not loaded! can not find module in path : https://g.alicdn.com/kg/??sidebar-plug-pagenav/0.2.2/index-min.js,sidebar-plug-myasset/0.0.6/index-min.js,sidebar-plug-my1111/0.2.0/index-min.js,sidebar-plug-cart/0.2.0/index-min.js,sidebar-plug-history/0.2.0/index-min.js,sidebar-plug-help/0.2.1/index-min.js,sidebar-plug-gotop/0.2.5/index-min.js

  phantomjs://platform/console++.js:263 in error
[ERROR - 2017-11-02T02:36:06.631Z] Session [93391f90-bf76-11e7-9afe-8bbb3eba4548] - page.onError - stack:
  (anonymous function) (https://g.alicdn.com/??kissy/k/6.2.4/seed-min.js,kg/global-util/1.0.5/index-min.js,tb/tracker/4.2.1/p/index/index.js,kg/tb-nav/2.5.1/index-min.js,secdev/sufei_data/3.0.8/index.js:5)

  phantomjs://platform/console++.js:263 in error
[ERROR - 2017-11-02T02:36:06.631Z] Session [93391f90-bf76-11e7-9afe-8bbb3eba4548] - page.onError - msg: kg/sidebar-plug-cart/0.2.0/index is not loaded! can not find module in path : https://g.alicdn.com/kg/??sidebar-plug-pagenav/0.2.2/index-min.js,sidebar-plug-myasset/0.0.6/index-min.js,sidebar-plug-my1111/0.2.0/index-min.js,sidebar-plug-cart/0.2.0/index-min.js,sidebar-plug-history/0.2.0/index-min.js,sidebar-plug-help/0.2.1/index-min.js,sidebar-plug-gotop/0.2.5/index-min.js

  phantomjs://platform/console++.js:263 in error
[ERROR - 2017-11-02T02:36:06.631Z] Session [93391f90-bf76-11e7-9afe-8bbb3eba4548] - page.onError - stack:
  (anonymous function) (https://g.alicdn.com/??kissy/k/6.2.4/seed-min.js,kg/global-util/1.0.5/index-min.js,tb/tracker/4.2.1/p/index/index.js,kg/tb-nav/2.5.1/index-min.js,secdev/sufei_data/3.0.8/index.js:5)

  phantomjs://platform/console++.js:263 in error
[ERROR - 2017-11-02T02:36:06.631Z] Session [93391f90-bf76-11e7-9afe-8bbb3eba4548] - page.onError - msg: kg/sidebar-plug-history/0.2.0/index is not loaded! can not find module in path : https://g.alicdn.com/kg/??sidebar-plug-pagenav/0.2.2/index-min.js,sidebar-plug-myasset/0.0.6/index-min.js,sidebar-plug-my1111/0.2.0/index-min.js,sidebar-plug-cart/0.2.0/index-min.js,sidebar-plug-history/0.2.0/index-min.js,sidebar-plug-help/0.2.1/index-min.js,sidebar-plug-gotop/0.2.5/index-min.js

  phantomjs://platform/console++.js:263 in error
[ERROR - 2017-11-02T02:36:06.631Z] Session [93391f90-bf76-11e7-9afe-8bbb3eba4548] - page.onError - stack:
  (anonymous function) (https://g.alicdn.com/??kissy/k/6.2.4/seed-min.js,kg/global-util/1.0.5/index-min.js,tb/tracker/4.2.1/p/index/index.js,kg/tb-nav/2.5.1/index-min.js,secdev/sufei_data/3.0.8/index.js:5)

  phantomjs://platform/console++.js:263 in error
[ERROR - 2017-11-02T02:36:06.631Z] Session [93391f90-bf76-11e7-9afe-8bbb3eba4548] - page.onError - msg: kg/sidebar-plug-help/0.2.1/index is not loaded! can not find module in path : https://g.alicdn.com/kg/??sidebar-plug-pagenav/0.2.2/index-min.js,sidebar-plug-myasset/0.0.6/index-min.js,sidebar-plug-my1111/0.2.0/index-min.js,sidebar-plug-cart/0.2.0/index-min.js,sidebar-plug-history/0.2.0/index-min.js,sidebar-plug-help/0.2.1/index-min.js,sidebar-plug-gotop/0.2.5/index-min.js

  phantomjs://platform/console++.js:263 in error
[ERROR - 2017-11-02T02:36:06.631Z] Session [93391f90-bf76-11e7-9afe-8bbb3eba4548] - page.onError - stack:
  (anonymous function) (https://g.alicdn.com/??kissy/k/6.2.4/seed-min.js,kg/global-util/1.0.5/index-min.js,tb/tracker/4.2.1/p/index/index.js,kg/tb-nav/2.5.1/index-min.js,secdev/sufei_data/3.0.8/index.js:5)

  phantomjs://platform/console++.js:263 in error
[ERROR - 2017-11-02T02:36:06.631Z] Session [93391f90-bf76-11e7-9afe-8bbb3eba4548] - page.onError - msg: kg/sidebar-plug-gotop/0.2.5/index is not loaded! can not find module in path : https://g.alicdn.com/kg/??sidebar-plug-pagenav/0.2.2/index-min.js,sidebar-plug-myasset/0.0.6/index-min.js,sidebar-plug-my1111/0.2.0/index-min.js,sidebar-plug-cart/0.2.0/index-min.js,sidebar-plug-history/0.2.0/index-min.js,sidebar-plug-help/0.2.1/index-min.js,sidebar-plug-gotop/0.2.5/index-min.js

  phantomjs://platform/console++.js:263 in error
[ERROR - 2017-11-02T02:36:06.631Z] Session [93391f90-bf76-11e7-9afe-8bbb3eba4548] - page.onError - stack:
  (anonymous function) (https://g.alicdn.com/??kissy/k/6.2.4/seed-min.js,kg/global-util/1.0.5/index-min.js,tb/tracker/4.2.1/p/index/index.js,kg/tb-nav/2.5.1/index-min.js,secdev/sufei_data/3.0.8/index.js:5)

  phantomjs://platform/console++.js:263 in error
[ERROR - 2017-11-02T02:36:07.007Z] Session [93391f90-bf76-11e7-9afe-8bbb3eba4548] - page.onError - msg: kg/search-suggest/6.3.1/index is not loaded! can not find module in path : https://g.alicdn.com/kg/??search-suggest/6.3.1/index-min.js,search-suggest/6.3.1/plugin/history-min.js,search-suggest/6.3.1/plugin/cloud-min.js,search-suggest/6.3.1/plugin/tab-min.js,search-suggest/6.3.1/plugin/history-magic-min.js,search-suggest/6.3.1/plugin/imgsearch-min.js,search-suggest/6.3.1/theme/pailitao/index-min.js

  phantomjs://platform/console++.js:263 in error
[ERROR - 2017-11-02T02:36:07.007Z] Session [93391f90-bf76-11e7-9afe-8bbb3eba4548] - page.onError - stack:
  (anonymous function) (https://g.alicdn.com/??kissy/k/6.2.4/seed-min.js,kg/global-util/1.0.5/index-min.js,tb/tracker/4.2.1/p/index/index.js,kg/tb-nav/2.5.1/index-min.js,secdev/sufei_data/3.0.8/index.js:5)

  phantomjs://platform/console++.js:263 in error
[ERROR - 2017-11-02T02:36:07.007Z] Session [93391f90-bf76-11e7-9afe-8bbb3eba4548] - page.onError - msg: kg/search-suggest/6.3.1/plugin/history is not loaded! can not find module in path : https://g.alicdn.com/kg/??search-suggest/6.3.1/index-min.js,search-suggest/6.3.1/plugin/history-min.js,search-suggest/6.3.1/plugin/cloud-min.js,search-suggest/6.3.1/plugin/tab-min.js,search-suggest/6.3.1/plugin/history-magic-min.js,search-suggest/6.3.1/plugin/imgsearch-min.js,search-suggest/6.3.1/theme/pailitao/index-min.js

  phantomjs://platform/console++.js:263 in error
[ERROR - 2017-11-02T02:36:07.007Z] Session [93391f90-bf76-11e7-9afe-8bbb3eba4548] - page.onError - stack:
  (anonymous function) (https://g.alicdn.com/??kissy/k/6.2.4/seed-min.js,kg/global-util/1.0.5/index-min.js,tb/tracker/4.2.1/p/index/index.js,kg/tb-nav/2.5.1/index-min.js,secdev/sufei_data/3.0.8/index.js:5)

  phantomjs://platform/console++.js:263 in error
[ERROR - 2017-11-02T02:36:07.007Z] Session [93391f90-bf76-11e7-9afe-8bbb3eba4548] - page.onError - msg: kg/search-suggest/6.3.1/plugin/cloud is not loaded! can not find module in path : https://g.alicdn.com/kg/??search-suggest/6.3.1/index-min.js,search-suggest/6.3.1/plugin/history-min.js,search-suggest/6.3.1/plugin/cloud-min.js,search-suggest/6.3.1/plugin/tab-min.js,search-suggest/6.3.1/plugin/history-magic-min.js,search-suggest/6.3.1/plugin/imgsearch-min.js,search-suggest/6.3.1/theme/pailitao/index-min.js

  phantomjs://platform/console++.js:263 in error
[ERROR - 2017-11-02T02:36:07.008Z] Session [93391f90-bf76-11e7-9afe-8bbb3eba4548] - page.onError - stack:
  (anonymous function) (https://g.alicdn.com/??kissy/k/6.2.4/seed-min.js,kg/global-util/1.0.5/index-min.js,tb/tracker/4.2.1/p/index/index.js,kg/tb-nav/2.5.1/index-min.js,secdev/sufei_data/3.0.8/index.js:5)

  phantomjs://platform/console++.js:263 in error
[ERROR - 2017-11-02T02:36:07.008Z] Session [93391f90-bf76-11e7-9afe-8bbb3eba4548] - page.onError - msg: kg/search-suggest/6.3.1/plugin/tab is not loaded! can not find module in path : https://g.alicdn.com/kg/??search-suggest/6.3.1/index-min.js,search-suggest/6.3.1/plugin/history-min.js,search-suggest/6.3.1/plugin/cloud-min.js,search-suggest/6.3.1/plugin/tab-min.js,search-suggest/6.3.1/plugin/history-magic-min.js,search-suggest/6.3.1/plugin/imgsearch-min.js,search-suggest/6.3.1/theme/pailitao/index-min.js

  phantomjs://platform/console++.js:263 in error
[ERROR - 2017-11-02T02:36:07.008Z] Session [93391f90-bf76-11e7-9afe-8bbb3eba4548] - page.onError - stack:
  (anonymous function) (https://g.alicdn.com/??kissy/k/6.2.4/seed-min.js,kg/global-util/1.0.5/index-min.js,tb/tracker/4.2.1/p/index/index.js,kg/tb-nav/2.5.1/index-min.js,secdev/sufei_data/3.0.8/index.js:5)

  phantomjs://platform/console++.js:263 in error
[ERROR - 2017-11-02T02:36:07.008Z] Session [93391f90-bf76-11e7-9afe-8bbb3eba4548] - page.onError - msg: kg/search-suggest/6.3.1/plugin/history-magic is not loaded! can not find module in path : https://g.alicdn.com/kg/??search-suggest/6.3.1/index-min.js,search-suggest/6.3.1/plugin/history-min.js,search-suggest/6.3.1/plugin/cloud-min.js,search-suggest/6.3.1/plugin/tab-min.js,search-suggest/6.3.1/plugin/history-magic-min.js,search-suggest/6.3.1/plugin/imgsearch-min.js,search-suggest/6.3.1/theme/pailitao/index-min.js

  phantomjs://platform/console++.js:263 in error
[ERROR - 2017-11-02T02:36:07.008Z] Session [93391f90-bf76-11e7-9afe-8bbb3eba4548] - page.onError - stack:
  (anonymous function) (https://g.alicdn.com/??kissy/k/6.2.4/seed-min.js,kg/global-util/1.0.5/index-min.js,tb/tracker/4.2.1/p/index/index.js,kg/tb-nav/2.5.1/index-min.js,secdev/sufei_data/3.0.8/index.js:5)

  phantomjs://platform/console++.js:263 in error
[ERROR - 2017-11-02T02:36:07.008Z] Session [93391f90-bf76-11e7-9afe-8bbb3eba4548] - page.onError - msg: kg/search-suggest/6.3.1/plugin/imgsearch is not loaded! can not find module in path : https://g.alicdn.com/kg/??search-suggest/6.3.1/index-min.js,search-suggest/6.3.1/plugin/history-min.js,search-suggest/6.3.1/plugin/cloud-min.js,search-suggest/6.3.1/plugin/tab-min.js,search-suggest/6.3.1/plugin/history-magic-min.js,search-suggest/6.3.1/plugin/imgsearch-min.js,search-suggest/6.3.1/theme/pailitao/index-min.js

  phantomjs://platform/console++.js:263 in error
[ERROR - 2017-11-02T02:36:07.008Z] Session [93391f90-bf76-11e7-9afe-8bbb3eba4548] - page.onError - stack:
  (anonymous function) (https://g.alicdn.com/??kissy/k/6.2.4/seed-min.js,kg/global-util/1.0.5/index-min.js,tb/tracker/4.2.1/p/index/index.js,kg/tb-nav/2.5.1/index-min.js,secdev/sufei_data/3.0.8/index.js:5)

  phantomjs://platform/console++.js:263 in error
[ERROR - 2017-11-02T02:36:07.008Z] Session [93391f90-bf76-11e7-9afe-8bbb3eba4548] - page.onError - msg: kg/search-suggest/6.3.1/theme/pailitao/index is not loaded! can not find module in path : https://g.alicdn.com/kg/??search-suggest/6.3.1/index-min.js,search-suggest/6.3.1/plugin/history-min.js,search-suggest/6.3.1/plugin/cloud-min.js,search-suggest/6.3.1/plugin/tab-min.js,search-suggest/6.3.1/plugin/history-magic-min.js,search-suggest/6.3.1/plugin/imgsearch-min.js,search-suggest/6.3.1/theme/pailitao/index-min.js

  phantomjs://platform/console++.js:263 in error
[ERROR - 2017-11-02T02:36:07.008Z] Session [93391f90-bf76-11e7-9afe-8bbb3eba4548] - page.onError - stack:
  (anonymous function) (https://g.alicdn.com/??kissy/k/6.2.4/seed-min.js,kg/global-util/1.0.5/index-min.js,tb/tracker/4.2.1/p/index/index.js,kg/tb-nav/2.5.1/index-min.js,secdev/sufei_data/3.0.8/index.js:5)

  phantomjs://platform/console++.js:263 in error
